# JRE version: OpenJDK Runtime Environment (21.0.7) (build 21.0.7+-13880790-b1038.58)
# Java VM: OpenJDK 64-Bit Server VM (21.0.7+-13880790-b1038.58, mixed mode, tiered, compressed oops, compressed class ptrs, g1 gc, windows-amd64)
GC Precious Log:
 CardTable entry size: 512
 Card Set container configuration: InlinePtr #cards 5 size 8 Array Of Cards #cards 12 size 40 Howl #buckets 4 coarsen threshold 1843 Howl Bitmap #cards 512 size 80 coarsen threshold 460 Card regions per heap region 1 cards per card region 2048
 CPUs: 16 total, 16 available
 Memory: 16132M
 Large Page Support: Disabled
 NUMA Support: Disabled
 Compressed Oops: Enabled (32-bit)
 Heap Region Size: 1M
 Heap Min Capacity: 8M
 Heap Initial Capacity: 254M
 Heap Max Capacity: 2G
 Pre-touch: Disabled
 Parallel Workers: 13
 Concurrent Workers: 3
 Concurrent Refinement Workers: 13
 Periodic GC: Disabled
Heap:
 garbage-first heap   total 358400K, used 248117K [0x0000000080000000, 0x0000000100000000)
  region size 1024K, 83 young (84992K), 6 survivors (6144K)
 Metaspace       used 174164K, committed 176832K, reserved 1245184K
  class space    used 24152K, committed 25472K, reserved 1048576K
GC Heap History (20 events):
Event: 17.692 GC heap before
{Heap before GC invocations=55 (full 0):
 garbage-first heap   total 275456K, used 238631K [0x0000000080000000, 0x0000000100000000)
  region size 1024K, 94 young (96256K), 11 survivors (11264K)
 Metaspace       used 130507K, committed 132800K, reserved 1179648K
  class space    used 17767K, committed 18944K, reserved 1048576K
}
Event: 17.698 GC heap after
{Heap after GC invocations=56 (full 0):
 garbage-first heap   total 275456K, used 149113K [0x0000000080000000, 0x0000000100000000)
  region size 1024K, 6 young (6144K), 6 survivors (6144K)
 Metaspace       used 130507K, committed 132800K, reserved 1179648K
  class space    used 17767K, committed 18944K, reserved 1048576K
}
Event: 17.776 GC heap before
{Heap before GC invocations=56 (full 0):
 garbage-first heap   total 275456K, used 159353K [0x0000000080000000, 0x0000000100000000)
  region size 1024K, 18 young (18432K), 6 survivors (6144K)
 Metaspace       used 131340K, committed 133760K, reserved 1179648K
  class space    used 17837K, committed 19072K, reserved 1048576K
}
Event: 17.779 GC heap after
{Heap after GC invocations=57 (full 0):
 garbage-first heap   total 275456K, used 149871K [0x0000000080000000, 0x0000000100000000)
  region size 1024K, 7 young (7168K), 7 survivors (7168K)
 Metaspace       used 131340K, committed 133760K, reserved 1179648K
  class space    used 17837K, committed 19072K, reserved 1048576K
}
Event: 18.387 GC heap before
{Heap before GC invocations=58 (full 0):
 garbage-first heap   total 275456K, used 234863K [0x0000000080000000, 0x0000000100000000)
  region size 1024K, 89 young (91136K), 7 survivors (7168K)
 Metaspace       used 136041K, committed 138432K, reserved 1179648K
  class space    used 18265K, committed 19456K, reserved 1048576K
}
Event: 18.391 GC heap after
{Heap after GC invocations=59 (full 0):
 garbage-first heap   total 275456K, used 152345K [0x0000000080000000, 0x0000000100000000)
  region size 1024K, 9 young (9216K), 9 survivors (9216K)
 Metaspace       used 136041K, committed 138432K, reserved 1179648K
  class space    used 18265K, committed 19456K, reserved 1048576K
}
Event: 23.885 GC heap before
{Heap before GC invocations=59 (full 0):
 garbage-first heap   total 275456K, used 241433K [0x0000000080000000, 0x0000000100000000)
  region size 1024K, 95 young (97280K), 9 survivors (9216K)
 Metaspace       used 143291K, committed 145792K, reserved 1179648K
  class space    used 19285K, committed 20544K, reserved 1048576K
}
Event: 23.892 GC heap after
{Heap after GC invocations=60 (full 0):
 garbage-first heap   total 275456K, used 160453K [0x0000000080000000, 0x0000000100000000)
  region size 1024K, 12 young (12288K), 12 survivors (12288K)
 Metaspace       used 143291K, committed 145792K, reserved 1179648K
  class space    used 19285K, committed 20544K, reserved 1048576K
}
Event: 24.914 GC heap before
{Heap before GC invocations=60 (full 0):
 garbage-first heap   total 275456K, used 248517K [0x0000000080000000, 0x0000000100000000)
  region size 1024K, 93 young (95232K), 12 survivors (12288K)
 Metaspace       used 148702K, committed 151232K, reserved 1179648K
  class space    used 19918K, committed 21184K, reserved 1048576K
}
Event: 24.922 GC heap after
{Heap after GC invocations=61 (full 0):
 garbage-first heap   total 275456K, used 164478K [0x0000000080000000, 0x0000000100000000)
  region size 1024K, 6 young (6144K), 6 survivors (6144K)
 Metaspace       used 148702K, committed 151232K, reserved 1179648K
  class space    used 19918K, committed 21184K, reserved 1048576K
}
Event: 25.902 GC heap before
{Heap before GC invocations=61 (full 0):
 garbage-first heap   total 275456K, used 246398K [0x0000000080000000, 0x0000000100000000)
  region size 1024K, 87 young (89088K), 6 survivors (6144K)
 Metaspace       used 157043K, committed 159488K, reserved 1245184K
  class space    used 21232K, committed 22464K, reserved 1048576K
}
Event: 25.908 GC heap after
{Heap after GC invocations=62 (full 0):
 garbage-first heap   total 275456K, used 168960K [0x0000000080000000, 0x0000000100000000)
  region size 1024K, 11 young (11264K), 11 survivors (11264K)
 Metaspace       used 157043K, committed 159488K, reserved 1245184K
  class space    used 21232K, committed 22464K, reserved 1048576K
}
Event: 26.577 GC heap before
{Heap before GC invocations=63 (full 0):
 garbage-first heap   total 281600K, used 247808K [0x0000000080000000, 0x0000000100000000)
  region size 1024K, 89 young (91136K), 11 survivors (11264K)
 Metaspace       used 165454K, committed 168000K, reserved 1245184K
  class space    used 22677K, committed 23936K, reserved 1048576K
}
Event: 26.588 GC heap after
{Heap after GC invocations=64 (full 0):
 garbage-first heap   total 281600K, used 172735K [0x0000000080000000, 0x0000000100000000)
  region size 1024K, 4 young (4096K), 4 survivors (4096K)
 Metaspace       used 165454K, committed 168000K, reserved 1245184K
  class space    used 22677K, committed 23936K, reserved 1048576K
}
Event: 27.437 GC heap before
{Heap before GC invocations=64 (full 0):
 garbage-first heap   total 281600K, used 257727K [0x0000000080000000, 0x0000000100000000)
  region size 1024K, 86 young (88064K), 4 survivors (4096K)
 Metaspace       used 171159K, committed 173696K, reserved 1245184K
  class space    used 23775K, committed 25024K, reserved 1048576K
}
Event: 27.442 GC heap after
{Heap after GC invocations=65 (full 0):
 garbage-first heap   total 281600K, used 169563K [0x0000000080000000, 0x0000000100000000)
  region size 1024K, 4 young (4096K), 4 survivors (4096K)
 Metaspace       used 171159K, committed 173696K, reserved 1245184K
  class space    used 23775K, committed 25024K, reserved 1048576K
}
Event: 28.766 GC heap before
{Heap before GC invocations=65 (full 0):
 garbage-first heap   total 281600K, used 185947K [0x0000000080000000, 0x0000000100000000)
  region size 1024K, 22 young (22528K), 4 survivors (4096K)
 Metaspace       used 172707K, committed 175232K, reserved 1245184K
  class space    used 23972K, committed 25216K, reserved 1048576K
}
Event: 28.773 GC heap after
{Heap after GC invocations=66 (full 0):
 garbage-first heap   total 281600K, used 170632K [0x0000000080000000, 0x0000000100000000)
  region size 1024K, 5 young (5120K), 5 survivors (5120K)
 Metaspace       used 172707K, committed 175232K, reserved 1245184K
  class space    used 23972K, committed 25216K, reserved 1048576K
}
Event: 78.991 GC heap before
{Heap before GC invocations=67 (full 0):
 garbage-first heap   total 352256K, used 349832K [0x0000000080000000, 0x0000000100000000)
  region size 1024K, 65 young (66560K), 5 survivors (5120K)
 Metaspace       used 173684K, committed 176320K, reserved 1245184K
  class space    used 24148K, committed 25472K, reserved 1048576K
}
Event: 78.996 GC heap after
{Heap after GC invocations=68 (full 0):
 garbage-first heap   total 358400K, used 171317K [0x0000000080000000, 0x0000000100000000)
  region size 1024K, 6 young (6144K), 6 survivors (6144K)
 Metaspace       used 173684K, committed 176320K, reserved 1245184K
  class space    used 24148K, committed 25472K, reserved 1048576K
}

